# JRE version: Java(TM) SE Runtime Environment (16.0.2+7) (build 16.0.2+7-67)
# Java VM: Java HotSpot(TM) 64-Bit Server VM (16.0.2+7-67, mixed mode, sharing, tiered, compressed oops, compressed class ptrs, g1 gc, windows-amd64)
GC Precious Log:
 CPUs: 8 total, 8 available
 Memory: 6091M
 Large Page Support: Disabled
 NUMA Support: Disabled
 Compressed Oops: Enabled (32-bit)
 Heap Region Size: 1M
 Heap Min Capacity: 8M
 Heap Initial Capacity: 96M
 Heap Max Capacity: 1524M
 Pre-touch: Disabled
 Parallel Workers: 8
 Concurrent Workers: 2
 Concurrent Refinement Workers: 8
 Periodic GC: Disabled
Heap:
 garbage-first heap   total 98304K, used 60468K [0x00000000a0c00000, 0x0000000100000000)
  region size 1024K, 23 young (23552K), 5 survivors (5120K)
 Metaspace       used 21568K, committed 21824K, reserved 1073152K
  class space    used 2963K, committed 3072K, reserved 1048576K
GC Heap History (6 events):
Event: 0.916 GC heap before
{Heap before GC invocations=0 (full 0):
 garbage-first heap   total 98304K, used 22528K [0x00000000a0c00000, 0x0000000100000000)
  region size 1024K, 23 young (23552K), 0 survivors (0K)
 Metaspace       used 6032K, committed 6208K, reserved 1056768K
  class space    used 725K, committed 832K, reserved 1048576K
}
Event: 0.920 GC heap after
{Heap after GC invocations=1 (full 0):
 garbage-first heap   total 98304K, used 2922K [0x00000000a0c00000, 0x0000000100000000)
  region size 1024K, 3 young (3072K), 3 survivors (3072K)
 Metaspace       used 6032K, committed 6208K, reserved 1056768K
  class space    used 725K, committed 832K, reserved 1048576K
}
Event: 1.877 GC heap before
{Heap before GC invocations=1 (full 0):
 garbage-first heap   total 98304K, used 37738K [0x00000000a0c00000, 0x0000000100000000)
  region size 1024K, 35 young (35840K), 3 survivors (3072K)
 Metaspace       used 13874K, committed 14208K, reserved 1064960K
  class space    used 2050K, committed 2240K, reserved 1048576K
}
Event: 1.884 GC heap after
{Heap after GC invocations=2 (full 0):
 garbage-first heap   total 98304K, used 9604K [0x00000000a0c00000, 0x0000000100000000)
  region size 1024K, 5 young (5120K), 5 survivors (5120K)
 Metaspace       used 13874K, committed 14208K, reserved 1064960K
  class space    used 2050K, committed 2240K, reserved 1048576K
}
Event: 22.227 GC heap before
{Heap before GC invocations=2 (full 0):
 garbage-first heap   total 98304K, used 67972K [0x00000000a0c00000, 0x0000000100000000)
  region size 1024K, 41 young (41984K), 5 survivors (5120K)
 Metaspace       used 21035K, committed 21312K, reserved 1073152K
  class space    used 2958K, committed 3072K, reserved 1048576K
}
Event: 22.237 GC heap after
{Heap after GC invocations=3 (full 0):
 garbage-first heap   total 98304K, used 36916K [0x00000000a0c00000, 0x0000000100000000)
  region size 1024K, 5 young (5120K), 5 survivors (5120K)
 Metaspace       used 21035K, committed 21312K, reserved 1073152K
  class space    used 2958K, committed 3072K, reserved 1048576K
}

